Analysis & Synthesis report for dc_Async_FIFO
Sat Aug 16 17:44:19 2025
Quartus Prime Version 18.1.0 Build 625 09/12/2018 SJ Lite Edition


---------------------
; Table of Contents ;
---------------------
  1. Legal Notice
  2. Analysis & Synthesis Summary
  3. Analysis & Synthesis Settings
  4. Parallel Compilation
  5. Analysis & Synthesis Source Files Read
  6. Analysis & Synthesis Resource Usage Summary
  7. Analysis & Synthesis Resource Utilization by Entity
  8. General Register Statistics
  9. Multiplexer Restructuring Statistics (Restructuring Performed)
 10. Parameter Settings for User Entity Instance: Top-level Entity: |async_fifo_top
 11. Parameter Settings for User Entity Instance: fifo_RAM:fifo_RAM_inst
 12. Parameter Settings for User Entity Instance: synchronizer:sync_wptr
 13. Parameter Settings for User Entity Instance: synchronizer:sync_rptr
 14. Parameter Settings for User Entity Instance: wptr_handler:wptr_handler_inst
 15. Parameter Settings for User Entity Instance: rptr_handler:rptr_handler_inst
 16. Post-Synthesis Netlist Statistics for Top Partition
 17. Elapsed Time Per Partition
 18. Analysis & Synthesis Messages



----------------
; Legal Notice ;
----------------
Copyright (C) 2018  Intel Corporation. All rights reserved.
Your use of Intel Corporation's design tools, logic functions 
and other software and tools, and its AMPP partner logic 
functions, and any output files from any of the foregoing 
(including device programming or simulation files), and any 
associated documentation or information are expressly subject 
to the terms and conditions of the Intel Program License 
Subscription Agreement, the Intel Quartus Prime License Agreement,
the Intel FPGA IP License Agreement, or other applicable license
agreement, including, without limitation, that your use is for
the sole purpose of programming logic devices manufactured by
Intel and sold by Intel or its authorized distributors.  Please
refer to the applicable agreement for further details.



+-------------------------------------------------------------------------------+
; Analysis & Synthesis Summary                                                  ;
+---------------------------------+---------------------------------------------+
; Analysis & Synthesis Status     ; Successful - Sat Aug 16 17:44:19 2025       ;
; Quartus Prime Version           ; 18.1.0 Build 625 09/12/2018 SJ Lite Edition ;
; Revision Name                   ; dc_Async_FIFO                               ;
; Top-level Entity Name           ; async_fifo_top                              ;
; Family                          ; Cyclone V                                   ;
; Logic utilization (in ALMs)     ; N/A                                         ;
; Total registers                 ; 88                                          ;
; Total pins                      ; 23                                          ;
; Total virtual pins              ; 0                                           ;
; Total block memory bits         ; 0                                           ;
; Total DSP Blocks                ; 0                                           ;
; Total HSSI RX PCSs              ; 0                                           ;
; Total HSSI PMA RX Deserializers ; 0                                           ;
; Total HSSI TX PCSs              ; 0                                           ;
; Total HSSI PMA TX Serializers   ; 0                                           ;
; Total PLLs                      ; 0                                           ;
; Total DLLs                      ; 0                                           ;
+---------------------------------+---------------------------------------------+


+---------------------------------------------------------------------------------------------------------------------------+
; Analysis & Synthesis Settings                                                                                             ;
+---------------------------------------------------------------------------------+--------------------+--------------------+
; Option                                                                          ; Setting            ; Default Value      ;
+---------------------------------------------------------------------------------+--------------------+--------------------+
; Device                                                                          ; 5CGXFC7C7F23C8     ;                    ;
; Top-level entity name                                                           ; async_fifo_top     ; dc_Async_FIFO      ;
; Family name                                                                     ; Cyclone V          ; Cyclone V          ;
; Use smart compilation                                                           ; Off                ; Off                ;
; Enable parallel Assembler and Timing Analyzer during compilation                ; On                 ; On                 ;
; Enable compact report table                                                     ; Off                ; Off                ;
; Restructure Multiplexers                                                        ; Auto               ; Auto               ;
; MLAB Add Timing Constraints For Mixed-Port Feed-Through Mode Setting Don't Care ; Off                ; Off                ;
; Create Debugging Nodes for IP Cores                                             ; Off                ; Off                ;
; Preserve fewer node names                                                       ; On                 ; On                 ;
; Intel FPGA IP Evaluation Mode                                                   ; Enable             ; Enable             ;
; Verilog Version                                                                 ; Verilog_2001       ; Verilog_2001       ;
; VHDL Version                                                                    ; VHDL_1993          ; VHDL_1993          ;
; State Machine Processing                                                        ; Auto               ; Auto               ;
; Safe State Machine                                                              ; Off                ; Off                ;
; Extract Verilog State Machines                                                  ; On                 ; On                 ;
; Extract VHDL State Machines                                                     ; On                 ; On                 ;
; Ignore Verilog initial constructs                                               ; Off                ; Off                ;
; Iteration limit for constant Verilog loops                                      ; 5000               ; 5000               ;
; Iteration limit for non-constant Verilog loops                                  ; 250                ; 250                ;
; Add Pass-Through Logic to Inferred RAMs                                         ; On                 ; On                 ;
; Infer RAMs from Raw Logic                                                       ; On                 ; On                 ;
; Parallel Synthesis                                                              ; On                 ; On                 ;
; DSP Block Balancing                                                             ; Auto               ; Auto               ;
; NOT Gate Push-Back                                                              ; On                 ; On                 ;
; Power-Up Don't Care                                                             ; On                 ; On                 ;
; Remove Redundant Logic Cells                                                    ; Off                ; Off                ;
; Remove Duplicate Registers                                                      ; On                 ; On                 ;
; Ignore CARRY Buffers                                                            ; Off                ; Off                ;
; Ignore CASCADE Buffers                                                          ; Off                ; Off                ;
; Ignore GLOBAL Buffers                                                           ; Off                ; Off                ;
; Ignore ROW GLOBAL Buffers                                                       ; Off                ; Off                ;
; Ignore LCELL Buffers                                                            ; Off                ; Off                ;
; Ignore SOFT Buffers                                                             ; On                 ; On                 ;
; Limit AHDL Integers to 32 Bits                                                  ; Off                ; Off                ;
; Optimization Technique                                                          ; Balanced           ; Balanced           ;
; Carry Chain Length                                                              ; 70                 ; 70                 ;
; Auto Carry Chains                                                               ; On                 ; On                 ;
; Auto Open-Drain Pins                                                            ; On                 ; On                 ;
; Perform WYSIWYG Primitive Resynthesis                                           ; Off                ; Off                ;
; Auto ROM Replacement                                                            ; On                 ; On                 ;
; Auto RAM Replacement                                                            ; On                 ; On                 ;
; Auto DSP Block Replacement                                                      ; On                 ; On                 ;
; Auto Shift Register Replacement                                                 ; Auto               ; Auto               ;
; Allow Shift Register Merging across Hierarchies                                 ; Auto               ; Auto               ;
; Auto Clock Enable Replacement                                                   ; On                 ; On                 ;
; Strict RAM Replacement                                                          ; Off                ; Off                ;
; Allow Synchronous Control Signals                                               ; On                 ; On                 ;
; Force Use of Synchronous Clear Signals                                          ; Off                ; Off                ;
; Auto Resource Sharing                                                           ; Off                ; Off                ;
; Allow Any RAM Size For Recognition                                              ; Off                ; Off                ;
; Allow Any ROM Size For Recognition                                              ; Off                ; Off                ;
; Allow Any Shift Register Size For Recognition                                   ; Off                ; Off                ;
; Use LogicLock Constraints during Resource Balancing                             ; On                 ; On                 ;
; Ignore translate_off and synthesis_off directives                               ; Off                ; Off                ;
; Timing-Driven Synthesis                                                         ; On                 ; On                 ;
; Report Parameter Settings                                                       ; On                 ; On                 ;
; Report Source Assignments                                                       ; On                 ; On                 ;
; Report Connectivity Checks                                                      ; On                 ; On                 ;
; Ignore Maximum Fan-Out Assignments                                              ; Off                ; Off                ;
; Synchronization Register Chain Length                                           ; 3                  ; 3                  ;
; Power Optimization During Synthesis                                             ; Normal compilation ; Normal compilation ;
; HDL message level                                                               ; Level2             ; Level2             ;
; Suppress Register Optimization Related Messages                                 ; Off                ; Off                ;
; Number of Removed Registers Reported in Synthesis Report                        ; 5000               ; 5000               ;
; Number of Swept Nodes Reported in Synthesis Report                              ; 5000               ; 5000               ;
; Number of Inverted Registers Reported in Synthesis Report                       ; 100                ; 100                ;
; Clock MUX Protection                                                            ; On                 ; On                 ;
; Auto Gated Clock Conversion                                                     ; Off                ; Off                ;
; Block Design Naming                                                             ; Auto               ; Auto               ;
; SDC constraint protection                                                       ; Off                ; Off                ;
; Synthesis Effort                                                                ; Auto               ; Auto               ;
; Shift Register Replacement - Allow Asynchronous Clear Signal                    ; On                 ; On                 ;
; Pre-Mapping Resynthesis Optimization                                            ; Off                ; Off                ;
; Analysis & Synthesis Message Level                                              ; Medium             ; Medium             ;
; Disable Register Merging Across Hierarchies                                     ; Auto               ; Auto               ;
; Resource Aware Inference For Block RAM                                          ; On                 ; On                 ;
; Automatic Parallel Synthesis                                                    ; On                 ; On                 ;
; Partial Reconfiguration Bitstream ID                                            ; Off                ; Off                ;
+---------------------------------------------------------------------------------+--------------------+--------------------+


+------------------------------------------+
; Parallel Compilation                     ;
+----------------------------+-------------+
; Processors                 ; Number      ;
+----------------------------+-------------+
; Number detected on machine ; 8           ;
; Maximum allowed            ; 4           ;
;                            ;             ;
; Average used               ; 1.00        ;
; Maximum used               ; 4           ;
;                            ;             ;
; Usage by Processor         ; % Time Used ;
;     Processor 1            ; 100.0%      ;
;     Processors 2-4         ;   0.0%      ;
+----------------------------+-------------+


+-----------------------------------------------------------------------------------------------------------------------------------------------+
; Analysis & Synthesis Source Files Read                                                                                                        ;
+----------------------------------+-----------------+------------------------+-------------------------------------------------------+---------+
; File Name with User-Entered Path ; Used in Netlist ; File Type              ; File Name with Absolute Path                          ; Library ;
+----------------------------------+-----------------+------------------------+-------------------------------------------------------+---------+
; wptr_handler.v                   ; yes             ; User Verilog HDL File  ; D:/MTech/Self_Projects/DC_Async_FIFO/wptr_handler.v   ;         ;
; synchronizer.v                   ; yes             ; User Verilog HDL File  ; D:/MTech/Self_Projects/DC_Async_FIFO/synchronizer.v   ;         ;
; rptr_handler.v                   ; yes             ; User Verilog HDL File  ; D:/MTech/Self_Projects/DC_Async_FIFO/rptr_handler.v   ;         ;
; fifo_RAM.v                       ; yes             ; User Verilog HDL File  ; D:/MTech/Self_Projects/DC_Async_FIFO/fifo_RAM.v       ;         ;
; async_fifo_top.v                 ; yes             ; User Verilog HDL File  ; D:/MTech/Self_Projects/DC_Async_FIFO/async_fifo_top.v ;         ;
+----------------------------------+-----------------+------------------------+-------------------------------------------------------+---------+


+---------------------------------------------------------------+
; Analysis & Synthesis Resource Usage Summary                   ;
+---------------------------------------------+-----------------+
; Resource                                    ; Usage           ;
+---------------------------------------------+-----------------+
; Estimate of Logic utilization (ALMs needed) ; 63              ;
;                                             ;                 ;
; Combinational ALUT usage for logic          ; 54              ;
;     -- 7 input functions                    ; 0               ;
;     -- 6 input functions                    ; 22              ;
;     -- 5 input functions                    ; 20              ;
;     -- 4 input functions                    ; 4               ;
;     -- <=3 input functions                  ; 8               ;
;                                             ;                 ;
; Dedicated logic registers                   ; 88              ;
;                                             ;                 ;
; I/O pins                                    ; 23              ;
;                                             ;                 ;
; Total DSP Blocks                            ; 0               ;
;                                             ;                 ;
; Maximum fan-out node                        ; in_resetn~input ;
; Maximum fan-out                             ; 88              ;
; Total fan-out                               ; 625             ;
; Average fan-out                             ; 3.32            ;
+---------------------------------------------+-----------------+


+-------------------------------------------------------------------------------------------------------------------------------------------------------------------------------------------------------------------------------+
; Analysis & Synthesis Resource Utilization by Entity                                                                                                                                                                           ;
+-------------------------------------+---------------------+---------------------------+-------------------+------------+------+--------------+------------------------------------------------+----------------+--------------+
; Compilation Hierarchy Node          ; Combinational ALUTs ; Dedicated Logic Registers ; Block Memory Bits ; DSP Blocks ; Pins ; Virtual Pins ; Full Hierarchy Name                            ; Entity Name    ; Library Name ;
+-------------------------------------+---------------------+---------------------------+-------------------+------------+------+--------------+------------------------------------------------+----------------+--------------+
; |async_fifo_top                     ; 54 (0)              ; 88 (0)                    ; 0                 ; 0          ; 23   ; 0            ; |async_fifo_top                                ; async_fifo_top ; work         ;
;    |fifo_RAM:fifo_RAM_inst|         ; 34 (34)             ; 64 (64)                   ; 0                 ; 0          ; 0    ; 0            ; |async_fifo_top|fifo_RAM:fifo_RAM_inst         ; fifo_RAM       ; work         ;
;    |rptr_handler:rptr_handler_inst| ; 10 (10)             ; 4 (4)                     ; 0                 ; 0          ; 0    ; 0            ; |async_fifo_top|rptr_handler:rptr_handler_inst ; rptr_handler   ; work         ;
;    |synchronizer:sync_rptr|         ; 0 (0)               ; 8 (8)                     ; 0                 ; 0          ; 0    ; 0            ; |async_fifo_top|synchronizer:sync_rptr         ; synchronizer   ; work         ;
;    |synchronizer:sync_wptr|         ; 0 (0)               ; 8 (8)                     ; 0                 ; 0          ; 0    ; 0            ; |async_fifo_top|synchronizer:sync_wptr         ; synchronizer   ; work         ;
;    |wptr_handler:wptr_handler_inst| ; 10 (10)             ; 4 (4)                     ; 0                 ; 0          ; 0    ; 0            ; |async_fifo_top|wptr_handler:wptr_handler_inst ; wptr_handler   ; work         ;
+-------------------------------------+---------------------+---------------------------+-------------------+------------+------+--------------+------------------------------------------------+----------------+--------------+
Note: For table entries with two numbers listed, the numbers in parentheses indicate the number of resources of the given type used by the specific entity alone. The numbers listed outside of parentheses indicate the total resources of the given type used by the specific entity and all of its sub-entities in the hierarchy.


+------------------------------------------------------+
; General Register Statistics                          ;
+----------------------------------------------+-------+
; Statistic                                    ; Value ;
+----------------------------------------------+-------+
; Total registers                              ; 88    ;
; Number of registers using Synchronous Clear  ; 0     ;
; Number of registers using Synchronous Load   ; 0     ;
; Number of registers using Asynchronous Clear ; 88    ;
; Number of registers using Asynchronous Load  ; 0     ;
; Number of registers using Clock Enable       ; 64    ;
; Number of registers using Preset             ; 0     ;
+----------------------------------------------+-------+


+-----------------------------------------------------------------------------------------------------------------------------------------------------------------------+
; Multiplexer Restructuring Statistics (Restructuring Performed)                                                                                                        ;
+--------------------+-----------+---------------+----------------------+------------------------+------------+---------------------------------------------------------+
; Multiplexer Inputs ; Bus Width ; Baseline Area ; Area if Restructured ; Saving if Restructured ; Registered ; Example Multiplexer Output                              ;
+--------------------+-----------+---------------+----------------------+------------------------+------------+---------------------------------------------------------+
; 9:1                ; 8 bits    ; 48 LEs        ; 48 LEs               ; 0 LEs                  ; No         ; |async_fifo_top|fifo_RAM:fifo_RAM_inst|read_data_ram[0] ;
+--------------------+-----------+---------------+----------------------+------------------------+------------+---------------------------------------------------------+


+--------------------------------------------------------------------------------+
; Parameter Settings for User Entity Instance: Top-level Entity: |async_fifo_top ;
+----------------+-------+-------------------------------------------------------+
; Parameter Name ; Value ; Type                                                  ;
+----------------+-------+-------------------------------------------------------+
; ASIZE          ; 3     ; Signed Integer                                        ;
; DSIZE          ; 8     ; Signed Integer                                        ;
+----------------+-------+-------------------------------------------------------+
Note: In order to hide this table in the UI and the text report file, please set the "Show Parameter Settings in Synthesis Report" option in "Analysis and Synthesis Settings -> More Settings" to "Off".


+---------------------------------------------------------------------+
; Parameter Settings for User Entity Instance: fifo_RAM:fifo_RAM_inst ;
+----------------+-------+--------------------------------------------+
; Parameter Name ; Value ; Type                                       ;
+----------------+-------+--------------------------------------------+
; ASIZE          ; 3     ; Signed Integer                             ;
; DSIZE          ; 8     ; Signed Integer                             ;
+----------------+-------+--------------------------------------------+
Note: In order to hide this table in the UI and the text report file, please set the "Show Parameter Settings in Synthesis Report" option in "Analysis and Synthesis Settings -> More Settings" to "Off".


+---------------------------------------------------------------------+
; Parameter Settings for User Entity Instance: synchronizer:sync_wptr ;
+----------------+-------+--------------------------------------------+
; Parameter Name ; Value ; Type                                       ;
+----------------+-------+--------------------------------------------+
; ASIZE          ; 3     ; Signed Integer                             ;
+----------------+-------+--------------------------------------------+
Note: In order to hide this table in the UI and the text report file, please set the "Show Parameter Settings in Synthesis Report" option in "Analysis and Synthesis Settings -> More Settings" to "Off".


+---------------------------------------------------------------------+
; Parameter Settings for User Entity Instance: synchronizer:sync_rptr ;
+----------------+-------+--------------------------------------------+
; Parameter Name ; Value ; Type                                       ;
+----------------+-------+--------------------------------------------+
; ASIZE          ; 3     ; Signed Integer                             ;
+----------------+-------+--------------------------------------------+
Note: In order to hide this table in the UI and the text report file, please set the "Show Parameter Settings in Synthesis Report" option in "Analysis and Synthesis Settings -> More Settings" to "Off".


+-----------------------------------------------------------------------------+
; Parameter Settings for User Entity Instance: wptr_handler:wptr_handler_inst ;
+----------------+-------+----------------------------------------------------+
; Parameter Name ; Value ; Type                                               ;
+----------------+-------+----------------------------------------------------+
; ASIZE          ; 3     ; Signed Integer                                     ;
+----------------+-------+----------------------------------------------------+
Note: In order to hide this table in the UI and the text report file, please set the "Show Parameter Settings in Synthesis Report" option in "Analysis and Synthesis Settings -> More Settings" to "Off".


+-----------------------------------------------------------------------------+
; Parameter Settings for User Entity Instance: rptr_handler:rptr_handler_inst ;
+----------------+-------+----------------------------------------------------+
; Parameter Name ; Value ; Type                                               ;
+----------------+-------+----------------------------------------------------+
; ASIZE          ; 3     ; Signed Integer                                     ;
+----------------+-------+----------------------------------------------------+
Note: In order to hide this table in the UI and the text report file, please set the "Show Parameter Settings in Synthesis Report" option in "Analysis and Synthesis Settings -> More Settings" to "Off".


+-----------------------------------------------------+
; Post-Synthesis Netlist Statistics for Top Partition ;
+-----------------------+-----------------------------+
; Type                  ; Count                       ;
+-----------------------+-----------------------------+
; arriav_ff             ; 88                          ;
;     CLR               ; 24                          ;
;     ENA CLR           ; 64                          ;
; arriav_lcell_comb     ; 54                          ;
;     normal            ; 54                          ;
;         2 data inputs ; 8                           ;
;         4 data inputs ; 4                           ;
;         5 data inputs ; 20                          ;
;         6 data inputs ; 22                          ;
; boundary_port         ; 23                          ;
;                       ;                             ;
; Max LUT depth         ; 3.00                        ;
; Average LUT depth     ; 1.88                        ;
+-----------------------+-----------------------------+


+-------------------------------+
; Elapsed Time Per Partition    ;
+----------------+--------------+
; Partition Name ; Elapsed Time ;
+----------------+--------------+
; Top            ; 00:00:00     ;
+----------------+--------------+


+-------------------------------+
; Analysis & Synthesis Messages ;
+-------------------------------+
Info: *******************************************************************
Info: Running Quartus Prime Analysis & Synthesis
    Info: Version 18.1.0 Build 625 09/12/2018 SJ Lite Edition
    Info: Processing started: Sat Aug 16 17:44:06 2025
Info: Command: quartus_map --read_settings_files=on --write_settings_files=off dc_Async_FIFO -c dc_Async_FIFO
Warning (18236): Number of processors has not been specified which may cause overloading on shared machines.  Set the global assignment NUM_PARALLEL_PROCESSORS in your QSF to an appropriate value for best performance.
Info (20030): Parallel compilation is enabled and will use 4 of the 4 processors detected
Info (12021): Found 1 design units, including 1 entities, in source file wptr_handler.v
    Info (12023): Found entity 1: wptr_handler File: D:/MTech/Self_Projects/DC_Async_FIFO/wptr_handler.v Line: 1
Info (12021): Found 1 design units, including 1 entities, in source file synchronizer.v
    Info (12023): Found entity 1: synchronizer File: D:/MTech/Self_Projects/DC_Async_FIFO/synchronizer.v Line: 1
Info (12021): Found 1 design units, including 1 entities, in source file rptr_handler.v
    Info (12023): Found entity 1: rptr_handler File: D:/MTech/Self_Projects/DC_Async_FIFO/rptr_handler.v Line: 1
Info (12021): Found 1 design units, including 1 entities, in source file fifo_ram.v
    Info (12023): Found entity 1: fifo_RAM File: D:/MTech/Self_Projects/DC_Async_FIFO/fifo_RAM.v Line: 1
Info (12021): Found 1 design units, including 1 entities, in source file async_fifo_top.v
    Info (12023): Found entity 1: async_fifo_top File: D:/MTech/Self_Projects/DC_Async_FIFO/async_fifo_top.v Line: 1
Info (12127): Elaborating entity "async_fifo_top" for the top level hierarchy
Info (12128): Elaborating entity "fifo_RAM" for hierarchy "fifo_RAM:fifo_RAM_inst" File: D:/MTech/Self_Projects/DC_Async_FIFO/async_fifo_top.v Line: 18
Warning (10240): Verilog HDL Always Construct warning at fifo_RAM.v(19): inferring latch(es) for variable "i", which holds its previous value in one or more paths through the always construct File: D:/MTech/Self_Projects/DC_Async_FIFO/fifo_RAM.v Line: 19
Info (12128): Elaborating entity "synchronizer" for hierarchy "synchronizer:sync_wptr" File: D:/MTech/Self_Projects/DC_Async_FIFO/async_fifo_top.v Line: 22
Info (12128): Elaborating entity "wptr_handler" for hierarchy "wptr_handler:wptr_handler_inst" File: D:/MTech/Self_Projects/DC_Async_FIFO/async_fifo_top.v Line: 30
Info (12128): Elaborating entity "rptr_handler" for hierarchy "rptr_handler:rptr_handler_inst" File: D:/MTech/Self_Projects/DC_Async_FIFO/async_fifo_top.v Line: 34
Info (286030): Timing-Driven Synthesis is running
Info (16010): Generating hard_block partition "hard_block:auto_generated_inst"
    Info (16011): Adding 0 node(s), including 0 DDIO, 0 PLL, 0 transceiver and 0 LCELL
Info (21057): Implemented 151 device resources after synthesis - the final resource count might be different
    Info (21058): Implemented 13 input pins
    Info (21059): Implemented 10 output pins
    Info (21061): Implemented 128 logic cells
Info: Quartus Prime Analysis & Synthesis was successful. 0 errors, 2 warnings
    Info: Peak virtual memory: 4836 megabytes
    Info: Processing ended: Sat Aug 16 17:44:19 2025
    Info: Elapsed time: 00:00:13
    Info: Total CPU time (on all processors): 00:00:25


